[INFO] Scanning for projects...
[INFO] 
[INFO] ----------------------< com.heavenhub:heavenhub >-----------------------
[INFO] Building  0.0.1-SNAPSHOT
[INFO]   from pom.xml
[INFO] --------------------------------[ jar ]---------------------------------
[INFO] 
[INFO] --- clean:3.4.1:clean (default-clean) @ heavenhub ---
[INFO] Deleting C:\Users\anshk\OneDrive\Desktop\HeavenHub\heavenhub\target
[INFO] ------------------------------------------------------------------------
[INFO] BUILD FAILURE
[INFO] ------------------------------------------------------------------------
[INFO] Total time:  1.985 s
[INFO] Finished at: 2026-04-07T02:25:44+05:30
[INFO] ------------------------------------------------------------------------
[ERROR] Failed to execute goal org.apache.maven.plugins:maven-clean-plugin:3.4.1:clean (default-clean) on project heavenhub: Failed to clean project: Failed to delete C:\Users\anshk\OneDrive\Desktop\HeavenHub\heavenhub\target\classes\com\heavenhub\config -> [Help 1]
[ERROR] 
[ERROR] To see the full stack trace of the errors, re-run Maven with the -e switch.
[ERROR] Re-run Maven using the -X switch to enable full debug logging.
[ERROR] 
[ERROR] For more information about the errors and possible solutions, please read the following articles:
[ERROR] [Help 1] http://cwiki.apache.org/confluence/display/MAVEN/MojoExecutionException
